<?xml version="1.0" encoding="UTF-8"?>
<!-- Generated by org.testng.reporters.JUnitReportReporter -->
<testsuite hostname="LAPTOP-F8PBBLMP" failures="0" tests="1" name="testCases.TC_EndToEndTest" time="3.242" errors="0" timestamp="2024-03-01T21:19:52 IST" skipped="0">
  <testcase classname="testCases.TC_EndToEndTest" name="EndtoEndTestOpenCart" time="3.242"/>
</testsuite> <!-- testCases.TC_EndToEndTest -->
