<?xml version="1.0" encoding="UTF-8"?>
<!-- Generated by org.testng.reporters.JUnitReportReporter -->
<testsuite hostname="LAPTOP-F8PBBLMP" failures="0" tests="1" name="testCases.TC_002_LoginTest" time="0.854" errors="0" timestamp="2024-03-01T21:32:00 IST" skipped="0">
  <testcase classname="testCases.TC_002_LoginTest" name="verifyLoginTest" time="0.854"/>
</testsuite> <!-- testCases.TC_002_LoginTest -->
