<?xml version="1.0" encoding="UTF-8"?>
<!-- Generated by org.testng.reporters.JUnitReportReporter -->
<testsuite hostname="LAPTOP-F8PBBLMP" failures="0" tests="1" name="testCases.TC_005_AddToCartTest" time="2.735" errors="0" timestamp="2024-03-01T20:33:46 IST" skipped="0">
  <testcase classname="testCases.TC_005_AddToCartTest" name="Verify_addToCart" time="2.735"/>
</testsuite> <!-- testCases.TC_005_AddToCartTest -->
